<?xml version="1.0" encoding="utf-8"?><testsuites name="pytest tests"><testsuite name="pytest" errors="0" failures="0" skipped="0" tests="14" time="5.685" timestamp="2026-04-24T18:29:29.641793+00:00" hostname="agent-env-f782a7cb-1896-46d7-81ad-4b714f6f2bb8"><testcase classname="backend.tests.test_dancetrack_api" name="test_health_root" time="0.231" /><testcase classname="backend.tests.test_dancetrack_api" name="test_auth_me" time="0.477" /><testcase classname="backend.tests.test_dancetrack_api" name="test_auth_invalid_login" time="0.380" /><testcase classname="backend.tests.test_dancetrack_api" name="test_auth_unauthorized" time="0.162" /><testcase classname="backend.tests.test_dancetrack_api" name="test_auth_register_and_login" time="0.899" /><testcase classname="backend.tests.test_dancetrack_api" name="test_workspace_list_and_seed_levels" time="0.356" /><testcase classname="backend.tests.test_dancetrack_api" name="test_workspace_access_denied" time="0.114" /><testcase classname="backend.tests.test_dancetrack_api" name="test_groups_list_and_update" time="0.375" /><testcase classname="backend.tests.test_dancetrack_api" name="test_students_list_update" time="0.414" /><testcase classname="backend.tests.test_dancetrack_api" name="test_attendance_training_creates_session_and_levelup" time="0.340" /><testcase classname="backend.tests.test_dancetrack_api" name="test_lessons_crud" time="0.427" /><testcase classname="backend.tests.test_dancetrack_api" name="test_trainer_session_manual_and_paid" time="0.226" /><testcase classname="backend.tests.test_dancetrack_api" name="test_reward_level_custom_create_and_default_protected" time="0.491" /><testcase classname="backend.tests.test_dancetrack_api" name="test_group_cascade_delete" time="0.612" /></testsuite></testsuites>