<?xml version="1.0" encoding="utf-8"?><testsuites name="pytest tests"><testsuite name="pytest" errors="0" failures="0" skipped="0" tests="15" time="7.094" timestamp="2026-04-24T19:45:53.393035+00:00" hostname="agent-env-f782a7cb-1896-46d7-81ad-4b714f6f2bb8"><testcase classname="backend.tests.test_dancetrack_api" name="test_health_root" time="0.255" /><testcase classname="backend.tests.test_dancetrack_api" name="test_auth_me" time="0.510" /><testcase classname="backend.tests.test_dancetrack_api" name="test_auth_invalid_login" time="0.365" /><testcase classname="backend.tests.test_dancetrack_api" name="test_auth_unauthorized" time="1.179" /><testcase classname="backend.tests.test_dancetrack_api" name="test_auth_register_and_login" time="0.778" /><testcase classname="backend.tests.test_dancetrack_api" name="test_workspace_list_and_seed_levels" time="0.394" /><testcase classname="backend.tests.test_dancetrack_api" name="test_workspace_access_denied" time="0.151" /><testcase classname="backend.tests.test_dancetrack_api" name="test_groups_list_and_update" time="0.448" /><testcase classname="backend.tests.test_dancetrack_api" name="test_students_list_update" time="0.322" /><testcase classname="backend.tests.test_dancetrack_api" name="test_attendance_training_creates_session_and_levelup" time="0.438" /><testcase classname="backend.tests.test_dancetrack_api" name="test_lessons_crud" time="0.384" /><testcase classname="backend.tests.test_dancetrack_api" name="test_trainer_session_manual_and_paid" time="0.276" /><testcase classname="backend.tests.test_dancetrack_api" name="test_reward_level_custom_create_and_default_protected" time="0.486" /><testcase classname="backend.tests.test_dancetrack_api" name="test_workspace_phase_names_update" time="0.346" /><testcase classname="backend.tests.test_dancetrack_api" name="test_group_cascade_delete" time="0.629" /></testsuite></testsuites>